[01-Oct-2018 19:46:47 UTC] PHP Catchable fatal error:  Object of class Card could not be converted to string in /home/ubuntu/workspace/cst336/practice/p4/index.php on line 45
[01-Oct-2018 19:46:47 UTC] PHP Stack trace:
[01-Oct-2018 19:46:47 UTC] PHP   1. {main}() /home/ubuntu/workspace/cst336/practice/p4/index.php:0
[01-Oct-2018 19:46:47 UTC] PHP   2. drawGame() /home/ubuntu/workspace/cst336/practice/p4/index.php:23
[01-Oct-2018 19:53:50 UTC] PHP Catchable fatal error:  Object of class Card could not be converted to string in /home/ubuntu/workspace/cst336/practice/p4/index.php on line 46
[01-Oct-2018 19:53:50 UTC] PHP Stack trace:
[01-Oct-2018 19:53:50 UTC] PHP   1. {main}() /home/ubuntu/workspace/cst336/practice/p4/index.php:0
[01-Oct-2018 19:53:50 UTC] PHP   2. drawGame() /home/ubuntu/workspace/cst336/practice/p4/index.php:23
[01-Oct-2018 19:55:32 UTC] PHP Catchable fatal error:  Object of class Card could not be converted to string in /home/ubuntu/workspace/cst336/practice/p4/index.php on line 46
[01-Oct-2018 19:55:32 UTC] PHP Stack trace:
[01-Oct-2018 19:55:32 UTC] PHP   1. {main}() /home/ubuntu/workspace/cst336/practice/p4/index.php:0
[01-Oct-2018 19:55:32 UTC] PHP   2. drawGame() /home/ubuntu/workspace/cst336/practice/p4/index.php:23
[01-Oct-2018 19:55:45 UTC] PHP Catchable fatal error:  Object of class Card could not be converted to string in /home/ubuntu/workspace/cst336/practice/p4/index.php on line 46
[01-Oct-2018 19:55:45 UTC] PHP Stack trace:
[01-Oct-2018 19:55:45 UTC] PHP   1. {main}() /home/ubuntu/workspace/cst336/practice/p4/index.php:0
[01-Oct-2018 19:55:45 UTC] PHP   2. drawGame() /home/ubuntu/workspace/cst336/practice/p4/index.php:23
[01-Oct-2018 19:55:45 UTC] PHP Catchable fatal error:  Object of class Card could not be converted to string in /home/ubuntu/workspace/cst336/practice/p4/index.php on line 46
[01-Oct-2018 19:55:45 UTC] PHP Stack trace:
[01-Oct-2018 19:55:45 UTC] PHP   1. {main}() /home/ubuntu/workspace/cst336/practice/p4/index.php:0
[01-Oct-2018 19:55:45 UTC] PHP   2. drawGame() /home/ubuntu/workspace/cst336/practice/p4/index.php:23
[01-Oct-2018 20:00:08 UTC] PHP Fatal error:  Call to undefined function print_f() in /home/ubuntu/workspace/cst336/practice/p4/index.php on line 46
[01-Oct-2018 20:00:08 UTC] PHP Stack trace:
[01-Oct-2018 20:00:08 UTC] PHP   1. {main}() /home/ubuntu/workspace/cst336/practice/p4/index.php:0
[01-Oct-2018 20:00:08 UTC] PHP   2. drawGame() /home/ubuntu/workspace/cst336/practice/p4/index.php:23
[01-Oct-2018 20:10:02 UTC] PHP Parse error:  syntax error, unexpected '"/"' (T_CONSTANT_ENCAPSED_STRING), expecting ',' or ';' in /home/ubuntu/workspace/cst336/practice/p4/index.php on line 53
[01-Oct-2018 20:36:20 UTC] PHP Parse error:  syntax error, unexpected '}', expecting ',' or ';' in /home/ubuntu/workspace/cst336/practice/p4/index.php on line 80
