[03-Dec-2018 23:15:39 UTC] PHP Warning:  include(../../inc/dbConnection.php): failed to open stream: No such file or directory in /home/ubuntu/workspace/cst336/labs/lab10/pets/api/getPetInfo.php on line 3
[03-Dec-2018 23:15:39 UTC] PHP Stack trace:
[03-Dec-2018 23:15:39 UTC] PHP   1. {main}() /home/ubuntu/workspace/cst336/labs/lab10/pets/api/getPetInfo.php:0
[03-Dec-2018 23:15:39 UTC] PHP Warning:  include(): Failed opening '../../inc/dbConnection.php' for inclusion (include_path='.:/usr/share/php:/usr/share/pear') in /home/ubuntu/workspace/cst336/labs/lab10/pets/api/getPetInfo.php on line 3
[03-Dec-2018 23:15:39 UTC] PHP Stack trace:
[03-Dec-2018 23:15:39 UTC] PHP   1. {main}() /home/ubuntu/workspace/cst336/labs/lab10/pets/api/getPetInfo.php:0
[03-Dec-2018 23:15:39 UTC] PHP Fatal error:  Call to undefined function startConnection() in /home/ubuntu/workspace/cst336/labs/lab10/pets/api/getPetInfo.php on line 4
[03-Dec-2018 23:15:39 UTC] PHP Stack trace:
[03-Dec-2018 23:15:39 UTC] PHP   1. {main}() /home/ubuntu/workspace/cst336/labs/lab10/pets/api/getPetInfo.php:0
[03-Dec-2018 23:15:52 UTC] PHP Warning:  include(../../../inc/dbConnection.php): failed to open stream: No such file or directory in /home/ubuntu/workspace/cst336/labs/lab10/pets/api/getPetInfo.php on line 3
[03-Dec-2018 23:15:52 UTC] PHP Stack trace:
[03-Dec-2018 23:15:52 UTC] PHP   1. {main}() /home/ubuntu/workspace/cst336/labs/lab10/pets/api/getPetInfo.php:0
[03-Dec-2018 23:15:52 UTC] PHP Warning:  include(): Failed opening '../../../inc/dbConnection.php' for inclusion (include_path='.:/usr/share/php:/usr/share/pear') in /home/ubuntu/workspace/cst336/labs/lab10/pets/api/getPetInfo.php on line 3
[03-Dec-2018 23:15:52 UTC] PHP Stack trace:
[03-Dec-2018 23:15:52 UTC] PHP   1. {main}() /home/ubuntu/workspace/cst336/labs/lab10/pets/api/getPetInfo.php:0
[03-Dec-2018 23:15:52 UTC] PHP Fatal error:  Call to undefined function startConnection() in /home/ubuntu/workspace/cst336/labs/lab10/pets/api/getPetInfo.php on line 4
[03-Dec-2018 23:15:52 UTC] PHP Stack trace:
[03-Dec-2018 23:15:52 UTC] PHP   1. {main}() /home/ubuntu/workspace/cst336/labs/lab10/pets/api/getPetInfo.php:0
[03-Dec-2018 23:16:03 UTC] PHP Fatal error:  Uncaught exception 'PDOException' with message 'SQLSTATE[42000]: Syntax error or access violation: 1064 You have an error in your SQL syntax; check the manual that corresponds to your MySQL server version for the right syntax to use near '' at line 1' in /home/ubuntu/workspace/cst336/labs/lab10/pets/api/getPetInfo.php:8
Stack trace:
#0 /home/ubuntu/workspace/cst336/labs/lab10/pets/api/getPetInfo.php(8): PDOStatement->execute(NULL)
#1 {main}
  thrown in /home/ubuntu/workspace/cst336/labs/lab10/pets/api/getPetInfo.php on line 8
[03-Dec-2018 23:17:31 UTC] PHP Fatal error:  Uncaught exception 'PDOException' with message 'SQLSTATE[42000]: Syntax error or access violation: 1064 You have an error in your SQL syntax; check the manual that corresponds to your MySQL server version for the right syntax to use near '' at line 1' in /home/ubuntu/workspace/cst336/labs/lab10/pets/api/getPetInfo.php:8
Stack trace:
#0 /home/ubuntu/workspace/cst336/labs/lab10/pets/api/getPetInfo.php(8): PDOStatement->execute(NULL)
#1 {main}
  thrown in /home/ubuntu/workspace/cst336/labs/lab10/pets/api/getPetInfo.php on line 8
[03-Dec-2018 23:18:55 UTC] PHP Fatal error:  Uncaught exception 'PDOException' with message 'SQLSTATE[42000]: Syntax error or access violation: 1064 You have an error in your SQL syntax; check the manual that corresponds to your MySQL server version for the right syntax to use near '' at line 1' in /home/ubuntu/workspace/cst336/labs/lab10/pets/api/getPetInfo.php:8
Stack trace:
#0 /home/ubuntu/workspace/cst336/labs/lab10/pets/api/getPetInfo.php(8): PDOStatement->execute(NULL)
#1 {main}
  thrown in /home/ubuntu/workspace/cst336/labs/lab10/pets/api/getPetInfo.php on line 8
[03-Dec-2018 23:19:16 UTC] PHP Fatal error:  Uncaught exception 'PDOException' with message 'SQLSTATE[42000]: Syntax error or access violation: 1064 You have an error in your SQL syntax; check the manual that corresponds to your MySQL server version for the right syntax to use near '' at line 1' in /home/ubuntu/workspace/cst336/labs/lab10/pets/api/getPetInfo.php:8
Stack trace:
#0 /home/ubuntu/workspace/cst336/labs/lab10/pets/api/getPetInfo.php(8): PDOStatement->execute(NULL)
#1 {main}
  thrown in /home/ubuntu/workspace/cst336/labs/lab10/pets/api/getPetInfo.php on line 8
[08-Dec-2018 21:30:09 UTC] PHP Fatal error:  Uncaught exception 'PDOException' with message 'SQLSTATE[42000]: Syntax error or access violation: 1064 You have an error in your SQL syntax; check the manual that corresponds to your MySQL server version for the right syntax to use near '' at line 1' in /home/ubuntu/workspace/cst336/labs/lab10/pets/api/getPetInfo.php:8
Stack trace:
#0 /home/ubuntu/workspace/cst336/labs/lab10/pets/api/getPetInfo.php(8): PDOStatement->execute(NULL)
#1 {main}
  thrown in /home/ubuntu/workspace/cst336/labs/lab10/pets/api/getPetInfo.php on line 8
[08-Dec-2018 21:30:17 UTC] PHP Fatal error:  Uncaught exception 'PDOException' with message 'SQLSTATE[42000]: Syntax error or access violation: 1064 You have an error in your SQL syntax; check the manual that corresponds to your MySQL server version for the right syntax to use near '' at line 1' in /home/ubuntu/workspace/cst336/labs/lab10/pets/api/getPetInfo.php:8
Stack trace:
#0 /home/ubuntu/workspace/cst336/labs/lab10/pets/api/getPetInfo.php(8): PDOStatement->execute(NULL)
#1 {main}
  thrown in /home/ubuntu/workspace/cst336/labs/lab10/pets/api/getPetInfo.php on line 8
[08-Dec-2018 21:31:32 UTC] PHP Fatal error:  Uncaught exception 'PDOException' with message 'SQLSTATE[42000]: Syntax error or access violation: 1064 You have an error in your SQL syntax; check the manual that corresponds to your MySQL server version for the right syntax to use near '' at line 1' in /home/ubuntu/workspace/cst336/labs/lab10/pets/api/getPetInfo.php:8
Stack trace:
#0 /home/ubuntu/workspace/cst336/labs/lab10/pets/api/getPetInfo.php(8): PDOStatement->execute(NULL)
#1 {main}
  thrown in /home/ubuntu/workspace/cst336/labs/lab10/pets/api/getPetInfo.php on line 8
[08-Dec-2018 21:34:19 UTC] PHP Fatal error:  Uncaught exception 'PDOException' with message 'SQLSTATE[42000]: Syntax error or access violation: 1064 You have an error in your SQL syntax; check the manual that corresponds to your MySQL server version for the right syntax to use near '' at line 1' in /home/ubuntu/workspace/cst336/labs/lab10/pets/api/getPetInfo.php:8
Stack trace:
#0 /home/ubuntu/workspace/cst336/labs/lab10/pets/api/getPetInfo.php(8): PDOStatement->execute(NULL)
#1 {main}
  thrown in /home/ubuntu/workspace/cst336/labs/lab10/pets/api/getPetInfo.php on line 8
[08-Dec-2018 21:36:36 UTC] PHP Fatal error:  Uncaught exception 'PDOException' with message 'SQLSTATE[42000]: Syntax error or access violation: 1064 You have an error in your SQL syntax; check the manual that corresponds to your MySQL server version for the right syntax to use near '' at line 1' in /home/ubuntu/workspace/cst336/labs/lab10/pets/api/getPetInfo.php:8
Stack trace:
#0 /home/ubuntu/workspace/cst336/labs/lab10/pets/api/getPetInfo.php(8): PDOStatement->execute(NULL)
#1 {main}
  thrown in /home/ubuntu/workspace/cst336/labs/lab10/pets/api/getPetInfo.php on line 8
[08-Dec-2018 21:38:10 UTC] PHP Fatal error:  Uncaught exception 'PDOException' with message 'SQLSTATE[42000]: Syntax error or access violation: 1064 You have an error in your SQL syntax; check the manual that corresponds to your MySQL server version for the right syntax to use near '' at line 1' in /home/ubuntu/workspace/cst336/labs/lab10/pets/api/getPetInfo.php:8
Stack trace:
#0 /home/ubuntu/workspace/cst336/labs/lab10/pets/api/getPetInfo.php(8): PDOStatement->execute(NULL)
#1 {main}
  thrown in /home/ubuntu/workspace/cst336/labs/lab10/pets/api/getPetInfo.php on line 8
[08-Dec-2018 21:38:12 UTC] PHP Fatal error:  Uncaught exception 'PDOException' with message 'SQLSTATE[42000]: Syntax error or access violation: 1064 You have an error in your SQL syntax; check the manual that corresponds to your MySQL server version for the right syntax to use near '' at line 1' in /home/ubuntu/workspace/cst336/labs/lab10/pets/api/getPetInfo.php:8
Stack trace:
#0 /home/ubuntu/workspace/cst336/labs/lab10/pets/api/getPetInfo.php(8): PDOStatement->execute(NULL)
#1 {main}
  thrown in /home/ubuntu/workspace/cst336/labs/lab10/pets/api/getPetInfo.php on line 8
[08-Dec-2018 21:38:39 UTC] PHP Warning:  include(../../../inc/dbConnection.php): failed to open stream: No such file or directory in /home/ubuntu/workspace/cst336/labs/lab10/pets/api/getPetInfo.php on line 3
[08-Dec-2018 21:38:39 UTC] PHP Stack trace:
[08-Dec-2018 21:38:39 UTC] PHP   1. {main}() /home/ubuntu/workspace/cst336/labs/lab10/pets/api/getPetInfo.php:0
[08-Dec-2018 21:38:39 UTC] PHP Warning:  include(): Failed opening '../../../inc/dbConnection.php' for inclusion (include_path='.:/usr/share/php:/usr/share/pear') in /home/ubuntu/workspace/cst336/labs/lab10/pets/api/getPetInfo.php on line 3
[08-Dec-2018 21:38:39 UTC] PHP Stack trace:
[08-Dec-2018 21:38:39 UTC] PHP   1. {main}() /home/ubuntu/workspace/cst336/labs/lab10/pets/api/getPetInfo.php:0
[08-Dec-2018 21:38:39 UTC] PHP Fatal error:  Call to undefined function startConnection() in /home/ubuntu/workspace/cst336/labs/lab10/pets/api/getPetInfo.php on line 4
[08-Dec-2018 21:38:39 UTC] PHP Stack trace:
[08-Dec-2018 21:38:39 UTC] PHP   1. {main}() /home/ubuntu/workspace/cst336/labs/lab10/pets/api/getPetInfo.php:0
[08-Dec-2018 21:38:45 UTC] PHP Fatal error:  Uncaught exception 'PDOException' with message 'SQLSTATE[42000]: Syntax error or access violation: 1064 You have an error in your SQL syntax; check the manual that corresponds to your MySQL server version for the right syntax to use near '' at line 1' in /home/ubuntu/workspace/cst336/labs/lab10/pets/api/getPetInfo.php:8
Stack trace:
#0 /home/ubuntu/workspace/cst336/labs/lab10/pets/api/getPetInfo.php(8): PDOStatement->execute(NULL)
#1 {main}
  thrown in /home/ubuntu/workspace/cst336/labs/lab10/pets/api/getPetInfo.php on line 8
[08-Dec-2018 21:39:19 UTC] PHP Fatal error:  Uncaught exception 'PDOException' with message 'SQLSTATE[42000]: Syntax error or access violation: 1064 You have an error in your SQL syntax; check the manual that corresponds to your MySQL server version for the right syntax to use near '' at line 1' in /home/ubuntu/workspace/cst336/labs/lab10/pets/api/getPetInfo.php:8
Stack trace:
#0 /home/ubuntu/workspace/cst336/labs/lab10/pets/api/getPetInfo.php(8): PDOStatement->execute(NULL)
#1 {main}
  thrown in /home/ubuntu/workspace/cst336/labs/lab10/pets/api/getPetInfo.php on line 8
[08-Dec-2018 21:40:14 UTC] PHP Fatal error:  Uncaught exception 'PDOException' with message 'SQLSTATE[42000]: Syntax error or access violation: 1064 You have an error in your SQL syntax; check the manual that corresponds to your MySQL server version for the right syntax to use near '' at line 1' in /home/ubuntu/workspace/cst336/labs/lab10/pets/api/getPetInfo.php:8
Stack trace:
#0 /home/ubuntu/workspace/cst336/labs/lab10/pets/api/getPetInfo.php(8): PDOStatement->execute(NULL)
#1 {main}
  thrown in /home/ubuntu/workspace/cst336/labs/lab10/pets/api/getPetInfo.php on line 8
[08-Dec-2018 21:45:25 UTC] PHP Fatal error:  Uncaught exception 'PDOException' with message 'SQLSTATE[42000]: Syntax error or access violation: 1064 You have an error in your SQL syntax; check the manual that corresponds to your MySQL server version for the right syntax to use near '' at line 1' in /home/ubuntu/workspace/cst336/labs/lab10/pets/api/getPetInfo.php:8
Stack trace:
#0 /home/ubuntu/workspace/cst336/labs/lab10/pets/api/getPetInfo.php(8): PDOStatement->execute(NULL)
#1 {main}
  thrown in /home/ubuntu/workspace/cst336/labs/lab10/pets/api/getPetInfo.php on line 8
[08-Dec-2018 21:47:15 UTC] PHP Fatal error:  Uncaught exception 'PDOException' with message 'SQLSTATE[42000]: Syntax error or access violation: 1064 You have an error in your SQL syntax; check the manual that corresponds to your MySQL server version for the right syntax to use near '' at line 1' in /home/ubuntu/workspace/cst336/labs/lab10/pets/api/getPetInfo.php:8
Stack trace:
#0 /home/ubuntu/workspace/cst336/labs/lab10/pets/api/getPetInfo.php(8): PDOStatement->execute(NULL)
#1 {main}
  thrown in /home/ubuntu/workspace/cst336/labs/lab10/pets/api/getPetInfo.php on line 8
[08-Dec-2018 21:48:22 UTC] PHP Fatal error:  Uncaught exception 'PDOException' with message 'SQLSTATE[42000]: Syntax error or access violation: 1064 You have an error in your SQL syntax; check the manual that corresponds to your MySQL server version for the right syntax to use near '' at line 1' in /home/ubuntu/workspace/cst336/labs/lab10/pets/api/getPetInfo.php:8
Stack trace:
#0 /home/ubuntu/workspace/cst336/labs/lab10/pets/api/getPetInfo.php(8): PDOStatement->execute(NULL)
#1 {main}
  thrown in /home/ubuntu/workspace/cst336/labs/lab10/pets/api/getPetInfo.php on line 8
[08-Dec-2018 21:49:05 UTC] PHP Fatal error:  Uncaught exception 'PDOException' with message 'SQLSTATE[42000]: Syntax error or access violation: 1064 You have an error in your SQL syntax; check the manual that corresponds to your MySQL server version for the right syntax to use near '' at line 1' in /home/ubuntu/workspace/cst336/labs/lab10/pets/api/getPetInfo.php:8
Stack trace:
#0 /home/ubuntu/workspace/cst336/labs/lab10/pets/api/getPetInfo.php(8): PDOStatement->execute(NULL)
#1 {main}
  thrown in /home/ubuntu/workspace/cst336/labs/lab10/pets/api/getPetInfo.php on line 8
[08-Dec-2018 21:51:11 UTC] PHP Fatal error:  Uncaught exception 'PDOException' with message 'SQLSTATE[42000]: Syntax error or access violation: 1064 You have an error in your SQL syntax; check the manual that corresponds to your MySQL server version for the right syntax to use near '' at line 1' in /home/ubuntu/workspace/cst336/labs/lab10/pets/api/getPetInfo.php:8
Stack trace:
#0 /home/ubuntu/workspace/cst336/labs/lab10/pets/api/getPetInfo.php(8): PDOStatement->execute(NULL)
#1 {main}
  thrown in /home/ubuntu/workspace/cst336/labs/lab10/pets/api/getPetInfo.php on line 8
[08-Dec-2018 21:51:14 UTC] PHP Fatal error:  Uncaught exception 'PDOException' with message 'SQLSTATE[42000]: Syntax error or access violation: 1064 You have an error in your SQL syntax; check the manual that corresponds to your MySQL server version for the right syntax to use near '' at line 1' in /home/ubuntu/workspace/cst336/labs/lab10/pets/api/getPetInfo.php:8
Stack trace:
#0 /home/ubuntu/workspace/cst336/labs/lab10/pets/api/getPetInfo.php(8): PDOStatement->execute(NULL)
#1 {main}
  thrown in /home/ubuntu/workspace/cst336/labs/lab10/pets/api/getPetInfo.php on line 8
[08-Dec-2018 21:51:15 UTC] PHP Fatal error:  Uncaught exception 'PDOException' with message 'SQLSTATE[42000]: Syntax error or access violation: 1064 You have an error in your SQL syntax; check the manual that corresponds to your MySQL server version for the right syntax to use near '' at line 1' in /home/ubuntu/workspace/cst336/labs/lab10/pets/api/getPetInfo.php:8
Stack trace:
#0 /home/ubuntu/workspace/cst336/labs/lab10/pets/api/getPetInfo.php(8): PDOStatement->execute(NULL)
#1 {main}
  thrown in /home/ubuntu/workspace/cst336/labs/lab10/pets/api/getPetInfo.php on line 8
[08-Dec-2018 21:51:28 UTC] PHP Fatal error:  Uncaught exception 'PDOException' with message 'SQLSTATE[42000]: Syntax error or access violation: 1064 You have an error in your SQL syntax; check the manual that corresponds to your MySQL server version for the right syntax to use near '' at line 1' in /home/ubuntu/workspace/cst336/labs/lab10/pets/api/getPetInfo.php:8
Stack trace:
#0 /home/ubuntu/workspace/cst336/labs/lab10/pets/api/getPetInfo.php(8): PDOStatement->execute(NULL)
#1 {main}
  thrown in /home/ubuntu/workspace/cst336/labs/lab10/pets/api/getPetInfo.php on line 8
[08-Dec-2018 21:51:30 UTC] PHP Fatal error:  Uncaught exception 'PDOException' with message 'SQLSTATE[42000]: Syntax error or access violation: 1064 You have an error in your SQL syntax; check the manual that corresponds to your MySQL server version for the right syntax to use near '' at line 1' in /home/ubuntu/workspace/cst336/labs/lab10/pets/api/getPetInfo.php:8
Stack trace:
#0 /home/ubuntu/workspace/cst336/labs/lab10/pets/api/getPetInfo.php(8): PDOStatement->execute(NULL)
#1 {main}
  thrown in /home/ubuntu/workspace/cst336/labs/lab10/pets/api/getPetInfo.php on line 8
[08-Dec-2018 21:52:52 UTC] PHP Fatal error:  Uncaught exception 'PDOException' with message 'SQLSTATE[42000]: Syntax error or access violation: 1064 You have an error in your SQL syntax; check the manual that corresponds to your MySQL server version for the right syntax to use near '' at line 1' in /home/ubuntu/workspace/cst336/labs/lab10/pets/api/getPetInfo.php:8
Stack trace:
#0 /home/ubuntu/workspace/cst336/labs/lab10/pets/api/getPetInfo.php(8): PDOStatement->execute(NULL)
#1 {main}
  thrown in /home/ubuntu/workspace/cst336/labs/lab10/pets/api/getPetInfo.php on line 8
[08-Dec-2018 21:52:54 UTC] PHP Fatal error:  Uncaught exception 'PDOException' with message 'SQLSTATE[42000]: Syntax error or access violation: 1064 You have an error in your SQL syntax; check the manual that corresponds to your MySQL server version for the right syntax to use near '' at line 1' in /home/ubuntu/workspace/cst336/labs/lab10/pets/api/getPetInfo.php:8
Stack trace:
#0 /home/ubuntu/workspace/cst336/labs/lab10/pets/api/getPetInfo.php(8): PDOStatement->execute(NULL)
#1 {main}
  thrown in /home/ubuntu/workspace/cst336/labs/lab10/pets/api/getPetInfo.php on line 8
[08-Dec-2018 21:52:56 UTC] PHP Fatal error:  Uncaught exception 'PDOException' with message 'SQLSTATE[42000]: Syntax error or access violation: 1064 You have an error in your SQL syntax; check the manual that corresponds to your MySQL server version for the right syntax to use near '' at line 1' in /home/ubuntu/workspace/cst336/labs/lab10/pets/api/getPetInfo.php:8
Stack trace:
#0 /home/ubuntu/workspace/cst336/labs/lab10/pets/api/getPetInfo.php(8): PDOStatement->execute(NULL)
#1 {main}
  thrown in /home/ubuntu/workspace/cst336/labs/lab10/pets/api/getPetInfo.php on line 8
